  main.c
C:\Users\TJ\source\repos\Project2\Project2\main.c(52,17): error C2143: 구문 오류: ';'이(가) '{' 앞에 없습니다.
C:\Users\TJ\source\repos\Project2\Project2\main.c(56,24): error C2296: '&': 왼쪽 피연산자의 유형이 'int *'이므로 유효하지 않습니다.
C:\Users\TJ\source\repos\Project2\Project2\main.c(56,9): warning C4473: 'scanf': 서식 문자열에 대한 인수가 충분하게 전달되지 않았습니다.
      C:\Users\TJ\source\repos\Project2\Project2\main.c(56,9):
      자리 표시자 및 해당 매개 변수에는 variadic 인수가 3개 필요하지만 0개가 제공되었습니다.
      C:\Users\TJ\source\repos\Project2\Project2\main.c(56,9):
      누락된 variadic 인수 1이(가) 서식 문자열 '%d'에 필요합니다.
  
C:\Users\TJ\source\repos\Project2\Project2\main.c(57,7): error C2146: 구문 오류: ';'이(가) 'a' 식별자 앞에 없습니다.
C:\Users\TJ\source\repos\Project2\Project2\main.c(57,13): warning C4552: '+': 식의 결과가 사용되지 않습니다.
C:\Users\TJ\source\repos\Project2\Project2\main.c(59,9): warning C4473: 'scanf': 서식 문자열에 대한 인수가 충분하게 전달되지 않았습니다.
      C:\Users\TJ\source\repos\Project2\Project2\main.c(59,9):
      자리 표시자 및 해당 매개 변수에는 variadic 인수가 1개 필요하지만 0개가 제공되었습니다.
      C:\Users\TJ\source\repos\Project2\Project2\main.c(59,9):
      누락된 variadic 인수 1이(가) 서식 문자열 '%d'에 필요합니다.
  
C:\Users\TJ\source\repos\Project2\Project2\main.c(60,3): error C2065: 'reture': 선언되지 않은 식별자입니다.
C:\Users\TJ\source\repos\Project2\Project2\main.c(60,10): error C2143: 구문 오류: ';'이(가) '상수' 앞에 없습니다.
C:\Users\TJ\source\repos\Project2\Project2\main.c(4,1): error C1075: '{': 일치하는 토큰을 찾을 수 없습니다.
